{"/home/driven/Desktop/DESENVOLVIMENTO-WEB/footbet/src/app.ts": {"path":"/home/driven/Desktop/DESENVOLVIMENTO-WEB/footbet/src/app.ts","statementMap":{"0":{"start":{"line":1,"column":0},"end":{"line":1,"column":30}},"1":{"start":{"line":2,"column":0},"end":{"line":2,"column":43}},"2":{"start":{"line":3,"column":0},"end":{"line":3,"column":24}},"3":{"start":{"line":4,"column":0},"end":{"line":4,"column":60}},"4":{"start":{"line":5,"column":0},"end":{"line":5,"column":83}},"5":{"start":{"line":6,"column":0},"end":{"line":6,"column":56}},"6":{"start":{"line":8,"column":0},"end":{"line":8,"column":10}},"7":{"start":{"line":10,"column":12},"end":{"line":10,"column":21}},"8":{"start":{"line":12,"column":0},"end":{"line":19,"column":null}},"9":{"start":{"line":24,"column":1},"end":{"line":24,"column":13}},"10":{"start":{"line":25,"column":1},"end":{"line":25,"column":29}},"11":{"start":{"line":23,"column":0},"end":{"line":23,"column":16}},"12":{"start":{"line":29,"column":1},"end":{"line":29,"column":22}},"13":{"start":{"line":28,"column":0},"end":{"line":28,"column":22}},"14":{"start":{"line":32,"column":0},"end":{"line":32,"column":19}}},"fnMap":{"0":{"name":"init","decl":{"start":{"line":23,"column":16},"end":{"line":23,"column":20}},"loc":{"start":{"line":23,"column":20},"end":{"line":26,"column":1}}},"1":{"name":"close","decl":{"start":{"line":28,"column":22},"end":{"line":28,"column":27}},"loc":{"start":{"line":28,"column":27},"end":{"line":30,"column":null}}}},"branchMap":{},"s":{"0":1,"1":1,"2":1,"3":1,"4":1,"5":1,"6":1,"7":1,"8":1,"9":1,"10":1,"11":1,"12":0,"13":1,"14":1},"f":{"0":1,"1":0},"b":{}}
,"/home/driven/Desktop/DESENVOLVIMENTO-WEB/footbet/src/server.ts": {"path":"/home/driven/Desktop/DESENVOLVIMENTO-WEB/footbet/src/server.ts","statementMap":{"0":{"start":{"line":1,"column":0},"end":{"line":1,"column":34}},"1":{"start":{"line":2,"column":0},"end":{"line":2,"column":23}},"2":{"start":{"line":4,"column":13},"end":{"line":4,"column":38}},"3":{"start":{"line":6,"column":0},"end":{"line":11,"column":3}},"4":{"start":{"line":7,"column":1},"end":{"line":10,"column":4}},"5":{"start":{"line":9,"column":2},"end":{"line":9,"column":54}}},"fnMap":{"0":{"name":"(anonymous_6)","decl":{"start":{"line":6,"column":12},"end":{"line":6,"column":15}},"loc":{"start":{"line":6,"column":17},"end":{"line":11,"column":1}}},"1":{"name":"(anonymous_7)","decl":{"start":{"line":7,"column":18},"end":{"line":7,"column":21}},"loc":{"start":{"line":7,"column":23},"end":{"line":10,"column":2}}}},"branchMap":{"0":{"loc":{"start":{"line":4,"column":13},"end":{"line":4,"column":38}},"type":"binary-expr","locations":[{"start":{"line":4,"column":13},"end":{"line":4,"column":30}},{"start":{"line":4,"column":34},"end":{"line":4,"column":38}}]}},"s":{"0":0,"1":0,"2":0,"3":0,"4":0,"5":0},"f":{"0":0,"1":0},"b":{"0":[0,0]}}
,"/home/driven/Desktop/DESENVOLVIMENTO-WEB/footbet/src/config/database.ts": {"path":"/home/driven/Desktop/DESENVOLVIMENTO-WEB/footbet/src/config/database.ts","statementMap":{"0":{"start":{"line":1,"column":0},"end":{"line":1,"column":46}},"1":{"start":{"line":5,"column":1},"end":{"line":5,"column":29}},"2":{"start":{"line":4,"column":0},"end":{"line":4,"column":16}},"3":{"start":{"line":9,"column":1},"end":{"line":9,"column":29}},"4":{"start":{"line":8,"column":0},"end":{"line":8,"column":22}}},"fnMap":{"0":{"name":"connectDb","decl":{"start":{"line":4,"column":16},"end":{"line":4,"column":25}},"loc":{"start":{"line":4,"column":25},"end":{"line":6,"column":1}}},"1":{"name":"disconnectDB","decl":{"start":{"line":8,"column":22},"end":{"line":8,"column":34}},"loc":{"start":{"line":8,"column":34},"end":{"line":10,"column":null}}}},"branchMap":{"0":{"loc":{"start":{"line":9,"column":7},"end":{"line":9,"column":28}},"type":"cond-expr","locations":[{"start":{"line":9,"column":13},"end":{"line":9,"column":15}},{"start":{"line":9,"column":7},"end":{"line":9,"column":28}}]},"1":{"loc":{"start":{"line":9,"column":7},"end":{"line":9,"column":15}},"type":"binary-expr","locations":[{"start":{"line":9,"column":7},"end":{"line":9,"column":15}},{"start":{"line":9,"column":7},"end":{"line":9,"column":15}}]}},"s":{"0":4,"1":1,"2":4,"3":0,"4":4},"f":{"0":1,"1":0},"b":{"0":[0,0],"1":[0,0]}}
,"/home/driven/Desktop/DESENVOLVIMENTO-WEB/footbet/src/config/envs.ts": {"path":"/home/driven/Desktop/DESENVOLVIMENTO-WEB/footbet/src/config/envs.ts","statementMap":{"0":{"start":{"line":2,"column":0},"end":{"line":2,"column":28}},"1":{"start":{"line":3,"column":0},"end":{"line":3,"column":41}},"2":{"start":{"line":7,"column":4},"end":{"line":10,"column":14}},"3":{"start":{"line":12,"column":21},"end":{"line":12,"column":44}},"4":{"start":{"line":13,"column":1},"end":{"line":13,"column":34}},"5":{"start":{"line":5,"column":0},"end":{"line":5,"column":16}}},"fnMap":{"0":{"name":"loadEnv","decl":{"start":{"line":5,"column":16},"end":{"line":5,"column":23}},"loc":{"start":{"line":5,"column":23},"end":{"line":14,"column":1}}}},"branchMap":{"0":{"loc":{"start":{"line":7,"column":4},"end":{"line":10,"column":14}},"type":"cond-expr","locations":[{"start":{"line":7,"column":38},"end":{"line":7,"column":49}},{"start":{"line":8,"column":7},"end":{"line":10,"column":14}}]},"1":{"loc":{"start":{"line":8,"column":7},"end":{"line":10,"column":14}},"type":"cond-expr","locations":[{"start":{"line":9,"column":8},"end":{"line":9,"column":18}},{"start":{"line":10,"column":8},"end":{"line":10,"column":14}}]}},"s":{"0":4,"1":4,"2":5,"3":5,"4":5,"5":4},"f":{"0":5},"b":{"0":[5,0],"1":[0,0]}}
,"/home/driven/Desktop/DESENVOLVIMENTO-WEB/footbet/src/config/index.ts": {"path":"/home/driven/Desktop/DESENVOLVIMENTO-WEB/footbet/src/config/index.ts","statementMap":{"0":{"start":{"line":1,"column":0},"end":{"line":1,"column":23}},"1":{"start":{"line":2,"column":0},"end":{"line":2,"column":27}}},"fnMap":{},"branchMap":{},"s":{"0":4,"1":4},"f":{},"b":{}}
,"/home/driven/Desktop/DESENVOLVIMENTO-WEB/footbet/src/constants/index.ts": {"path":"/home/driven/Desktop/DESENVOLVIMENTO-WEB/footbet/src/constants/index.ts","statementMap":{"0":{"start":{"line":1,"column":0},"end":{"line":1,"column":37}},"1":{"start":{"line":3,"column":13},"end":{"line":9,"column":2}}},"fnMap":{},"branchMap":{},"s":{"0":1,"1":1},"f":{},"b":{}}
,"/home/driven/Desktop/DESENVOLVIMENTO-WEB/footbet/src/controllers/bet-controller.ts": {"path":"/home/driven/Desktop/DESENVOLVIMENTO-WEB/footbet/src/controllers/bet-controller.ts","statementMap":{"0":{"start":{"line":3,"column":0},"end":{"line":3,"column":42}},"1":{"start":{"line":4,"column":0},"end":{"line":4,"column":37}},"2":{"start":{"line":7,"column":14},"end":{"line":7,"column":34}},"3":{"start":{"line":8,"column":13},"end":{"line":8,"column":43}},"4":{"start":{"line":9,"column":1},"end":{"line":9,"column":37}},"5":{"start":{"line":6,"column":0},"end":{"line":6,"column":22}}},"fnMap":{"0":{"name":"createBet","decl":{"start":{"line":6,"column":22},"end":{"line":6,"column":31}},"loc":{"start":{"line":6,"column":57},"end":{"line":10,"column":null}}}},"branchMap":{},"s":{"0":1,"1":1,"2":0,"3":0,"4":0,"5":1},"f":{"0":0},"b":{}}
,"/home/driven/Desktop/DESENVOLVIMENTO-WEB/footbet/src/controllers/game-controller.ts": {"path":"/home/driven/Desktop/DESENVOLVIMENTO-WEB/footbet/src/controllers/game-controller.ts","statementMap":{"0":{"start":{"line":3,"column":0},"end":{"line":3,"column":37}},"1":{"start":{"line":4,"column":0},"end":{"line":4,"column":43}},"2":{"start":{"line":7,"column":14},"end":{"line":7,"column":35}},"3":{"start":{"line":8,"column":14},"end":{"line":8,"column":45}},"4":{"start":{"line":9,"column":1},"end":{"line":9,"column":43}},"5":{"start":{"line":6,"column":0},"end":{"line":6,"column":22}},"6":{"start":{"line":13,"column":14},"end":{"line":13,"column":36}},"7":{"start":{"line":14,"column":12},"end":{"line":14,"column":33}},"8":{"start":{"line":15,"column":14},"end":{"line":15,"column":48}},"9":{"start":{"line":16,"column":1},"end":{"line":16,"column":38}},"10":{"start":{"line":12,"column":0},"end":{"line":12,"column":22}},"11":{"start":{"line":20,"column":15},"end":{"line":20,"column":44}},"12":{"start":{"line":21,"column":1},"end":{"line":21,"column":39}},"13":{"start":{"line":19,"column":0},"end":{"line":19,"column":22}},"14":{"start":{"line":25,"column":12},"end":{"line":25,"column":33}},"15":{"start":{"line":26,"column":29},"end":{"line":26,"column":59}},"16":{"start":{"line":26,"column":16},"end":{"line":26,"column":21}},"17":{"start":{"line":26,"column":25},"end":{"line":26,"column":29}},"18":{"start":{"line":27,"column":1},"end":{"line":27,"column":49}},"19":{"start":{"line":24,"column":0},"end":{"line":24,"column":22}}},"fnMap":{"0":{"name":"createGame","decl":{"start":{"line":6,"column":22},"end":{"line":6,"column":32}},"loc":{"start":{"line":6,"column":58},"end":{"line":10,"column":null}}},"1":{"name":"updateGame","decl":{"start":{"line":12,"column":22},"end":{"line":12,"column":32}},"loc":{"start":{"line":12,"column":58},"end":{"line":17,"column":null}}},"2":{"name":"findManyGames","decl":{"start":{"line":19,"column":22},"end":{"line":19,"column":35}},"loc":{"start":{"line":19,"column":61},"end":{"line":22,"column":null}}},"3":{"name":"findOneGame","decl":{"start":{"line":24,"column":22},"end":{"line":24,"column":33}},"loc":{"start":{"line":24,"column":59},"end":{"line":28,"column":null}}}},"branchMap":{},"s":{"0":1,"1":1,"2":0,"3":0,"4":0,"5":1,"6":0,"7":0,"8":0,"9":0,"10":1,"11":0,"12":0,"13":1,"14":0,"15":0,"16":0,"17":0,"18":0,"19":1},"f":{"0":0,"1":0,"2":0,"3":0},"b":{}}
,"/home/driven/Desktop/DESENVOLVIMENTO-WEB/footbet/src/controllers/index.ts": {"path":"/home/driven/Desktop/DESENVOLVIMENTO-WEB/footbet/src/controllers/index.ts","statementMap":{"0":{"start":{"line":1,"column":0},"end":{"line":1,"column":33}},"1":{"start":{"line":2,"column":0},"end":{"line":2,"column":34}},"2":{"start":{"line":3,"column":0},"end":{"line":3,"column":41}}},"fnMap":{},"branchMap":{},"s":{"0":1,"1":1,"2":1},"f":{},"b":{}}
,"/home/driven/Desktop/DESENVOLVIMENTO-WEB/footbet/src/controllers/participant-controller.ts": {"path":"/home/driven/Desktop/DESENVOLVIMENTO-WEB/footbet/src/controllers/participant-controller.ts","statementMap":{"0":{"start":{"line":2,"column":0},"end":{"line":2,"column":50}},"1":{"start":{"line":4,"column":0},"end":{"line":4,"column":37}},"2":{"start":{"line":7,"column":14},"end":{"line":7,"column":42}},"3":{"start":{"line":8,"column":21},"end":{"line":8,"column":59}},"4":{"start":{"line":9,"column":1},"end":{"line":9,"column":50}},"5":{"start":{"line":6,"column":0},"end":{"line":6,"column":22}},"6":{"start":{"line":13,"column":22},"end":{"line":13,"column":58}},"7":{"start":{"line":14,"column":1},"end":{"line":14,"column":46}},"8":{"start":{"line":12,"column":0},"end":{"line":12,"column":22}}},"fnMap":{"0":{"name":"createParticipant","decl":{"start":{"line":6,"column":22},"end":{"line":6,"column":39}},"loc":{"start":{"line":6,"column":65},"end":{"line":10,"column":null}}},"1":{"name":"findManyParticipants","decl":{"start":{"line":12,"column":22},"end":{"line":12,"column":42}},"loc":{"start":{"line":12,"column":69},"end":{"line":15,"column":null}}}},"branchMap":{},"s":{"0":1,"1":1,"2":0,"3":0,"4":0,"5":1,"6":0,"7":0,"8":1},"f":{"0":0,"1":0},"b":{}}
,"/home/driven/Desktop/DESENVOLVIMENTO-WEB/footbet/src/errors/error-handler.ts": {"path":"/home/driven/Desktop/DESENVOLVIMENTO-WEB/footbet/src/errors/error-handler.ts","statementMap":{"0":{"start":{"line":4,"column":1},"end":{"line":6,"column":3}},"1":{"start":{"line":3,"column":0},"end":{"line":3,"column":16}}},"fnMap":{"0":{"name":"errorHandler","decl":{"start":{"line":3,"column":16},"end":{"line":3,"column":28}},"loc":{"start":{"line":3,"column":59},"end":{"line":7,"column":1}}}},"branchMap":{},"s":{"0":0,"1":1},"f":{"0":0},"b":{}}
,"/home/driven/Desktop/DESENVOLVIMENTO-WEB/footbet/src/errors/index.ts": {"path":"/home/driven/Desktop/DESENVOLVIMENTO-WEB/footbet/src/errors/index.ts","statementMap":{"0":{"start":{"line":1,"column":0},"end":{"line":1,"column":37}},"1":{"start":{"line":2,"column":0},"end":{"line":2,"column":32}}},"fnMap":{},"branchMap":{},"s":{"0":1,"1":1},"f":{},"b":{}}
,"/home/driven/Desktop/DESENVOLVIMENTO-WEB/footbet/src/errors/invalid-data-error.ts": {"path":"/home/driven/Desktop/DESENVOLVIMENTO-WEB/footbet/src/errors/invalid-data-error.ts","statementMap":{"0":{"start":{"line":1,"column":0},"end":{"line":1,"column":37}},"1":{"start":{"line":5,"column":1},"end":{"line":10,"column":3}},"2":{"start":{"line":4,"column":0},"end":{"line":4,"column":16}}},"fnMap":{"0":{"name":"invalidDataError","decl":{"start":{"line":4,"column":16},"end":{"line":4,"column":32}},"loc":{"start":{"line":4,"column":50},"end":{"line":11,"column":1}}}},"branchMap":{},"s":{"0":1,"1":0,"2":1},"f":{"0":0},"b":{}}
,"/home/driven/Desktop/DESENVOLVIMENTO-WEB/footbet/src/helpers/amountWonCalculator.ts": {"path":"/home/driven/Desktop/DESENVOLVIMENTO-WEB/footbet/src/helpers/amountWonCalculator.ts","statementMap":{"0":{"start":{"line":2,"column":19},"end":{"line":2,"column":22}},"1":{"start":{"line":3,"column":1},"end":{"line":3,"column":74}},"2":{"start":{"line":1,"column":0},"end":{"line":1,"column":16}}},"fnMap":{"0":{"name":"amountWonCalculator","decl":{"start":{"line":1,"column":16},"end":{"line":1,"column":35}},"loc":{"start":{"line":1,"column":102},"end":{"line":4,"column":1}}}},"branchMap":{},"s":{"0":0,"1":0,"2":1},"f":{"0":0},"b":{}}
,"/home/driven/Desktop/DESENVOLVIMENTO-WEB/footbet/src/helpers/betsResultsCalculator.ts": {"path":"/home/driven/Desktop/DESENVOLVIMENTO-WEB/footbet/src/helpers/betsResultsCalculator.ts","statementMap":{"0":{"start":{"line":5,"column":1},"end":{"line":14,"column":3}},"1":{"start":{"line":7,"column":15},"end":{"line":7,"column":104}},"2":{"start":{"line":8,"column":3},"end":{"line":11,"column":5}},"3":{"start":{"line":4,"column":0},"end":{"line":4,"column":16}}},"fnMap":{"0":{"name":"betsResultsCalculator","decl":{"start":{"line":4,"column":16},"end":{"line":4,"column":37}},"loc":{"start":{"line":4,"column":65},"end":{"line":16,"column":1}}},"1":{"name":"(anonymous_1)","decl":{"start":{"line":6,"column":2},"end":{"line":6,"column":3}},"loc":{"start":{"line":6,"column":18},"end":{"line":12,"column":3}}}},"branchMap":{"0":{"loc":{"start":{"line":7,"column":15},"end":{"line":7,"column":104}},"type":"binary-expr","locations":[{"start":{"line":7,"column":16},"end":{"line":7,"column":56}},{"start":{"line":7,"column":63},"end":{"line":7,"column":103}}]},"1":{"loc":{"start":{"line":10,"column":55},"end":{"line":10,"column":78}},"type":"cond-expr","locations":[{"start":{"line":10,"column":61},"end":{"line":10,"column":74}},{"start":{"line":10,"column":77},"end":{"line":10,"column":78}}]}},"s":{"0":0,"1":0,"2":0,"3":1},"f":{"0":0,"1":0},"b":{"0":[0,0],"1":[0,0]}}
,"/home/driven/Desktop/DESENVOLVIMENTO-WEB/footbet/src/helpers/index.ts": {"path":"/home/driven/Desktop/DESENVOLVIMENTO-WEB/footbet/src/helpers/index.ts","statementMap":{"0":{"start":{"line":1,"column":0},"end":{"line":1,"column":38}},"1":{"start":{"line":2,"column":0},"end":{"line":2,"column":40}}},"fnMap":{},"branchMap":{},"s":{"0":1,"1":1},"f":{},"b":{}}
,"/home/driven/Desktop/DESENVOLVIMENTO-WEB/footbet/src/middlewares/error-handler-middleware.ts": {"path":"/home/driven/Desktop/DESENVOLVIMENTO-WEB/footbet/src/middlewares/error-handler-middleware.ts","statementMap":{"0":{"start":{"line":3,"column":0},"end":{"line":3,"column":37}},"1":{"start":{"line":4,"column":0},"end":{"line":4,"column":38}},"2":{"start":{"line":6,"column":0},"end":{"line":6,"column":23}},"3":{"start":{"line":16,"column":1},"end":{"line":20,"column":5}},"4":{"start":{"line":17,"column":2},"end":{"line":20,"column":5}},"5":{"start":{"line":22,"column":1},"end":{"line":27,"column":5}},"6":{"start":{"line":8,"column":0},"end":{"line":8,"column":16}}},"fnMap":{"0":{"name":"handleApplicationErrors","decl":{"start":{"line":8,"column":16},"end":{"line":8,"column":39}},"loc":{"start":{"line":12,"column":20},"end":{"line":28,"column":1}}}},"branchMap":{"0":{"loc":{"start":{"line":16,"column":1},"end":{"line":20,"column":5}},"type":"if","locations":[{"start":{"line":16,"column":1},"end":{"line":20,"column":5}}]},"1":{"loc":{"start":{"line":16,"column":4},"end":{"line":16,"column":77}},"type":"binary-expr","locations":[{"start":{"line":16,"column":4},"end":{"line":16,"column":35}},{"start":{"line":16,"column":39},"end":{"line":16,"column":77}}]},"2":{"loc":{"start":{"line":18,"column":12},"end":{"line":18,"column":51}},"type":"cond-expr","locations":[{"start":{"line":18,"column":23},"end":{"line":18,"column":27}},{"start":{"line":18,"column":27},"end":{"line":18,"column":51}}]},"3":{"loc":{"start":{"line":18,"column":12},"end":{"line":18,"column":27}},"type":"binary-expr","locations":[{"start":{"line":18,"column":12},"end":{"line":18,"column":27}},{"start":{"line":18,"column":23},"end":{"line":18,"column":27}}]},"4":{"loc":{"start":{"line":19,"column":11},"end":{"line":19,"column":63}},"type":"cond-expr","locations":[{"start":{"line":19,"column":27},"end":{"line":19,"column":31}},{"start":{"line":19,"column":31},"end":{"line":19,"column":63}}]},"5":{"loc":{"start":{"line":19,"column":11},"end":{"line":19,"column":31}},"type":"binary-expr","locations":[{"start":{"line":19,"column":11},"end":{"line":19,"column":31}},{"start":{"line":19,"column":27},"end":{"line":19,"column":31}}]},"6":{"loc":{"start":{"line":23,"column":10},"end":{"line":23,"column":62}},"type":"cond-expr","locations":[{"start":{"line":23,"column":26},"end":{"line":23,"column":30}},{"start":{"line":23,"column":30},"end":{"line":23,"column":62}}]},"7":{"loc":{"start":{"line":23,"column":10},"end":{"line":23,"column":30}},"type":"binary-expr","locations":[{"start":{"line":23,"column":10},"end":{"line":23,"column":30}},{"start":{"line":23,"column":26},"end":{"line":23,"column":30}}]},"8":{"loc":{"start":{"line":25,"column":11},"end":{"line":25,"column":50}},"type":"cond-expr","locations":[{"start":{"line":25,"column":22},"end":{"line":25,"column":26}},{"start":{"line":25,"column":26},"end":{"line":25,"column":50}}]},"9":{"loc":{"start":{"line":25,"column":11},"end":{"line":25,"column":26}},"type":"binary-expr","locations":[{"start":{"line":25,"column":11},"end":{"line":25,"column":26}},{"start":{"line":25,"column":22},"end":{"line":25,"column":26}}]},"10":{"loc":{"start":{"line":26,"column":10},"end":{"line":26,"column":62}},"type":"cond-expr","locations":[{"start":{"line":26,"column":26},"end":{"line":26,"column":30}},{"start":{"line":26,"column":30},"end":{"line":26,"column":62}}]},"11":{"loc":{"start":{"line":26,"column":10},"end":{"line":26,"column":30}},"type":"binary-expr","locations":[{"start":{"line":26,"column":10},"end":{"line":26,"column":30}},{"start":{"line":26,"column":26},"end":{"line":26,"column":30}}]}},"s":{"0":1,"1":1,"2":1,"3":0,"4":0,"5":0,"6":1},"f":{"0":0},"b":{"0":[0],"1":[0,0],"2":[0,0],"3":[0,0],"4":[0,0],"5":[0,0],"6":[0,0],"7":[0,0],"8":[0,0],"9":[0,0],"10":[0,0],"11":[0,0]}}
,"/home/driven/Desktop/DESENVOLVIMENTO-WEB/footbet/src/middlewares/index.ts": {"path":"/home/driven/Desktop/DESENVOLVIMENTO-WEB/footbet/src/middlewares/index.ts","statementMap":{"0":{"start":{"line":1,"column":0},"end":{"line":1,"column":43}},"1":{"start":{"line":2,"column":0},"end":{"line":2,"column":47}}},"fnMap":{},"branchMap":{},"s":{"0":1,"1":1},"f":{},"b":{}}
,"/home/driven/Desktop/DESENVOLVIMENTO-WEB/footbet/src/middlewares/schema-validation-middleware.ts": {"path":"/home/driven/Desktop/DESENVOLVIMENTO-WEB/footbet/src/middlewares/schema-validation-middleware.ts","statementMap":{"0":{"start":{"line":2,"column":0},"end":{"line":2,"column":37}},"1":{"start":{"line":4,"column":0},"end":{"line":4,"column":45}},"2":{"start":{"line":7,"column":1},"end":{"line":7,"column":33}},"3":{"start":{"line":6,"column":0},"end":{"line":6,"column":16}},"4":{"start":{"line":11,"column":1},"end":{"line":21,"column":3}},"5":{"start":{"line":12,"column":20},"end":{"line":14,"column":4}},"6":{"start":{"line":16,"column":2},"end":{"line":20,"column":null}},"7":{"start":{"line":17,"column":3},"end":{"line":17,"column":10}},"8":{"start":{"line":19,"column":3},"end":{"line":19,"column":107}},"9":{"start":{"line":19,"column":94},"end":{"line":19,"column":103}}},"fnMap":{"0":{"name":"validateBody","decl":{"start":{"line":6,"column":16},"end":{"line":6,"column":28}},"loc":{"start":{"line":6,"column":55},"end":{"line":8,"column":1}}},"1":{"name":"validate","decl":{"start":{"line":10,"column":9},"end":{"line":10,"column":17}},"loc":{"start":{"line":10,"column":63},"end":{"line":22,"column":1}}},"2":{"name":"(anonymous_3)","decl":{"start":{"line":11,"column":8},"end":{"line":11,"column":9}},"loc":{"start":{"line":11,"column":60},"end":{"line":21,"column":2}}},"3":{"name":"(anonymous_4)","decl":{"start":{"line":19,"column":87},"end":{"line":19,"column":88}},"loc":{"start":{"line":19,"column":94},"end":{"line":19,"column":103}}}},"branchMap":{"0":{"loc":{"start":{"line":16,"column":2},"end":{"line":20,"column":null}},"type":"if","locations":[{"start":{"line":16,"column":2},"end":{"line":20,"column":null}},{"start":{"line":18,"column":9},"end":{"line":20,"column":null}}]}},"s":{"0":1,"1":1,"2":4,"3":1,"4":4,"5":0,"6":0,"7":0,"8":0,"9":0},"f":{"0":4,"1":4,"2":0,"3":0},"b":{"0":[0,0]}}
,"/home/driven/Desktop/DESENVOLVIMENTO-WEB/footbet/src/repositories/index.ts": {"path":"/home/driven/Desktop/DESENVOLVIMENTO-WEB/footbet/src/repositories/index.ts","statementMap":{"0":{"start":{"line":1,"column":0},"end":{"line":1,"column":33}},"1":{"start":{"line":2,"column":0},"end":{"line":2,"column":34}},"2":{"start":{"line":3,"column":0},"end":{"line":3,"column":41}}},"fnMap":{},"branchMap":{},"s":{"0":1,"1":1,"2":1},"f":{},"b":{}}
,"/home/driven/Desktop/DESENVOLVIMENTO-WEB/footbet/src/repositories/bet-repository/index.ts": {"path":"/home/driven/Desktop/DESENVOLVIMENTO-WEB/footbet/src/repositories/bet-repository/index.ts","statementMap":{"0":{"start":{"line":3,"column":0},"end":{"line":3,"column":38}},"1":{"start":{"line":6,"column":1},"end":{"line":18,"column":4}},"2":{"start":{"line":22,"column":1},"end":{"line":25,"column":4}},"3":{"start":{"line":28,"column":13},"end":{"line":31,"column":2}}},"fnMap":{"0":{"name":"create","decl":{"start":{"line":5,"column":9},"end":{"line":5,"column":15}},"loc":{"start":{"line":5,"column":29},"end":{"line":19,"column":1}}},"1":{"name":"update","decl":{"start":{"line":21,"column":9},"end":{"line":21,"column":15}},"loc":{"start":{"line":21,"column":75},"end":{"line":26,"column":1}}}},"branchMap":{},"s":{"0":1,"1":0,"2":0,"3":1},"f":{"0":0,"1":0},"b":{}}
,"/home/driven/Desktop/DESENVOLVIMENTO-WEB/footbet/src/repositories/game-repository/index.ts": {"path":"/home/driven/Desktop/DESENVOLVIMENTO-WEB/footbet/src/repositories/game-repository/index.ts","statementMap":{"0":{"start":{"line":1,"column":0},"end":{"line":1,"column":38}},"1":{"start":{"line":2,"column":0},"end":{"line":2,"column":75}},"2":{"start":{"line":4,"column":0},"end":{"line":4,"column":50}},"3":{"start":{"line":5,"column":0},"end":{"line":5,"column":66}},"4":{"start":{"line":8,"column":1},"end":{"line":8,"column":35}},"5":{"start":{"line":12,"column":1},"end":{"line":32,"column":4}},"6":{"start":{"line":12,"column":45},"end":{"line":32,"column":3}},"7":{"start":{"line":13,"column":23},"end":{"line":16,"column":4}},"8":{"start":{"line":18,"column":49},"end":{"line":18,"column":82}},"9":{"start":{"line":20,"column":2},"end":{"line":29,"column":null}},"10":{"start":{"line":21,"column":15},"end":{"line":21,"column":103}},"11":{"start":{"line":22,"column":21},"end":{"line":22,"column":101}},"12":{"start":{"line":23,"column":18},"end":{"line":23,"column":38}},"13":{"start":{"line":25,"column":3},"end":{"line":28,"column":6}},"14":{"start":{"line":31,"column":2},"end":{"line":31,"column":14}},"15":{"start":{"line":36,"column":1},"end":{"line":36,"column":31}},"16":{"start":{"line":40,"column":1},"end":{"line":45,"column":4}},"17":{"start":{"line":48,"column":13},"end":{"line":53,"column":2}}},"fnMap":{"0":{"name":"create","decl":{"start":{"line":7,"column":9},"end":{"line":7,"column":15}},"loc":{"start":{"line":7,"column":30},"end":{"line":9,"column":1}}},"1":{"name":"update","decl":{"start":{"line":11,"column":15},"end":{"line":11,"column":21}},"loc":{"start":{"line":11,"column":48},"end":{"line":33,"column":null}}},"2":{"name":"(anonymous_10)","decl":{"start":{"line":12,"column":34},"end":{"line":12,"column":43}},"loc":{"start":{"line":12,"column":45},"end":{"line":32,"column":3}}},"3":{"name":"(anonymous_11)","decl":{"start":{"line":12,"column":45},"end":{"line":12,"column":null}},"loc":{"start":{"line":12,"column":45},"end":{"line":32,"column":2}}},"4":{"name":"findMany","decl":{"start":{"line":35,"column":9},"end":{"line":35,"column":17}},"loc":{"start":{"line":35,"column":17},"end":{"line":37,"column":1}}},"5":{"name":"findOne","decl":{"start":{"line":39,"column":9},"end":{"line":39,"column":16}},"loc":{"start":{"line":39,"column":26},"end":{"line":46,"column":1}}}},"branchMap":{"0":{"loc":{"start":{"line":21,"column":15},"end":{"line":21,"column":103}},"type":"binary-expr","locations":[{"start":{"line":21,"column":16},"end":{"line":21,"column":56}},{"start":{"line":21,"column":62},"end":{"line":21,"column":102}}]},"1":{"loc":{"start":{"line":22,"column":21},"end":{"line":22,"column":101}},"type":"cond-expr","locations":[{"start":{"line":22,"column":27},"end":{"line":22,"column":97}},{"start":{"line":22,"column":100},"end":{"line":22,"column":101}}]},"2":{"loc":{"start":{"line":23,"column":18},"end":{"line":23,"column":38}},"type":"cond-expr","locations":[{"start":{"line":23,"column":24},"end":{"line":23,"column":29}},{"start":{"line":23,"column":32},"end":{"line":23,"column":38}}]}},"s":{"0":1,"1":1,"2":1,"3":1,"4":0,"5":0,"6":0,"7":0,"8":0,"9":0,"10":0,"11":0,"12":0,"13":0,"14":0,"15":0,"16":0,"17":1},"f":{"0":0,"1":0,"2":0,"3":0,"4":0,"5":0},"b":{"0":[0,0],"1":[0,0],"2":[0,0]}}
,"/home/driven/Desktop/DESENVOLVIMENTO-WEB/footbet/src/repositories/participant-repository/index.ts": {"path":"/home/driven/Desktop/DESENVOLVIMENTO-WEB/footbet/src/repositories/participant-repository/index.ts","statementMap":{"0":{"start":{"line":2,"column":0},"end":{"line":2,"column":38}},"1":{"start":{"line":6,"column":1},"end":{"line":6,"column":42}},"2":{"start":{"line":10,"column":1},"end":{"line":10,"column":38}},"3":{"start":{"line":14,"column":1},"end":{"line":14,"column":52}},"4":{"start":{"line":18,"column":1},"end":{"line":25,"column":4}},"5":{"start":{"line":28,"column":13},"end":{"line":33,"column":2}}},"fnMap":{"0":{"name":"create","decl":{"start":{"line":5,"column":9},"end":{"line":5,"column":15}},"loc":{"start":{"line":5,"column":37},"end":{"line":7,"column":1}}},"1":{"name":"findMany","decl":{"start":{"line":9,"column":9},"end":{"line":9,"column":17}},"loc":{"start":{"line":9,"column":17},"end":{"line":11,"column":1}}},"2":{"name":"findOne","decl":{"start":{"line":13,"column":9},"end":{"line":13,"column":16}},"loc":{"start":{"line":13,"column":26},"end":{"line":15,"column":1}}},"3":{"name":"update","decl":{"start":{"line":17,"column":9},"end":{"line":17,"column":15}},"loc":{"start":{"line":17,"column":75},"end":{"line":26,"column":1}}}},"branchMap":{},"s":{"0":1,"1":0,"2":0,"3":0,"4":0,"5":1},"f":{"0":0,"1":0,"2":0,"3":0},"b":{}}
,"/home/driven/Desktop/DESENVOLVIMENTO-WEB/footbet/src/routers/bet-router.ts": {"path":"/home/driven/Desktop/DESENVOLVIMENTO-WEB/footbet/src/routers/bet-router.ts","statementMap":{"0":{"start":{"line":1,"column":0},"end":{"line":1,"column":33}},"1":{"start":{"line":2,"column":0},"end":{"line":2,"column":43}},"2":{"start":{"line":3,"column":0},"end":{"line":3,"column":46}},"3":{"start":{"line":4,"column":0},"end":{"line":4,"column":44}},"4":{"start":{"line":6,"column":18},"end":{"line":6,"column":26}},"5":{"start":{"line":10,"column":9},"end":{"line":10,"column":18}},"6":{"start":{"line":8,"column":0},"end":{"line":8,"column":60}}},"fnMap":{},"branchMap":{},"s":{"0":1,"1":1,"2":1,"3":1,"4":1,"5":1,"6":1},"f":{},"b":{}}
,"/home/driven/Desktop/DESENVOLVIMENTO-WEB/footbet/src/routers/game-router.ts": {"path":"/home/driven/Desktop/DESENVOLVIMENTO-WEB/footbet/src/routers/game-router.ts","statementMap":{"0":{"start":{"line":1,"column":0},"end":{"line":1,"column":33}},"1":{"start":{"line":2,"column":0},"end":{"line":2,"column":84}},"2":{"start":{"line":3,"column":0},"end":{"line":3,"column":63}},"3":{"start":{"line":4,"column":0},"end":{"line":4,"column":46}},"4":{"start":{"line":6,"column":19},"end":{"line":6,"column":27}},"5":{"start":{"line":13,"column":9},"end":{"line":13,"column":19}},"6":{"start":{"line":8,"column":0},"end":{"line":8,"column":64}},"7":{"start":{"line":9,"column":0},"end":{"line":9,"column":76}},"8":{"start":{"line":10,"column":0},"end":{"line":10,"column":34}},"9":{"start":{"line":11,"column":0},"end":{"line":11,"column":36}}},"fnMap":{},"branchMap":{},"s":{"0":1,"1":1,"2":1,"3":1,"4":1,"5":1,"6":1,"7":1,"8":1,"9":1},"f":{},"b":{}}
,"/home/driven/Desktop/DESENVOLVIMENTO-WEB/footbet/src/routers/health-router.ts": {"path":"/home/driven/Desktop/DESENVOLVIMENTO-WEB/footbet/src/routers/health-router.ts","statementMap":{"0":{"start":{"line":1,"column":0},"end":{"line":1,"column":52}},"1":{"start":{"line":2,"column":0},"end":{"line":2,"column":37}},"2":{"start":{"line":4,"column":21},"end":{"line":4,"column":29}},"3":{"start":{"line":8,"column":9},"end":{"line":8,"column":21}},"4":{"start":{"line":6,"column":0},"end":{"line":6,"column":108}},"5":{"start":{"line":6,"column":51},"end":{"line":6,"column":105}}},"fnMap":{"0":{"name":"(anonymous_1)","decl":{"start":{"line":6,"column":20},"end":{"line":6,"column":21}},"loc":{"start":{"line":6,"column":51},"end":{"line":6,"column":105}}}},"branchMap":{},"s":{"0":1,"1":1,"2":1,"3":1,"4":1,"5":1},"f":{"0":1},"b":{}}
,"/home/driven/Desktop/DESENVOLVIMENTO-WEB/footbet/src/routers/index.ts": {"path":"/home/driven/Desktop/DESENVOLVIMENTO-WEB/footbet/src/routers/index.ts","statementMap":{"0":{"start":{"line":1,"column":0},"end":{"line":1,"column":37}},"1":{"start":{"line":2,"column":0},"end":{"line":2,"column":30}},"2":{"start":{"line":3,"column":0},"end":{"line":3,"column":29}},"3":{"start":{"line":4,"column":0},"end":{"line":4,"column":32}}},"fnMap":{},"branchMap":{},"s":{"0":1,"1":1,"2":1,"3":1},"f":{},"b":{}}
,"/home/driven/Desktop/DESENVOLVIMENTO-WEB/footbet/src/routers/participant-router.ts": {"path":"/home/driven/Desktop/DESENVOLVIMENTO-WEB/footbet/src/routers/participant-router.ts","statementMap":{"0":{"start":{"line":1,"column":0},"end":{"line":1,"column":34}},"1":{"start":{"line":2,"column":0},"end":{"line":2,"column":73}},"2":{"start":{"line":3,"column":0},"end":{"line":3,"column":52}},"3":{"start":{"line":4,"column":0},"end":{"line":4,"column":46}},"4":{"start":{"line":6,"column":26},"end":{"line":6,"column":34}},"5":{"start":{"line":11,"column":9},"end":{"line":11,"column":26}},"6":{"start":{"line":8,"column":0},"end":{"line":8,"column":85}},"7":{"start":{"line":9,"column":0},"end":{"line":9,"column":48}}},"fnMap":{},"branchMap":{},"s":{"0":1,"1":1,"2":1,"3":1,"4":1,"5":1,"6":1,"7":1},"f":{},"b":{}}
,"/home/driven/Desktop/DESENVOLVIMENTO-WEB/footbet/src/schemas/bet-schemas.ts": {"path":"/home/driven/Desktop/DESENVOLVIMENTO-WEB/footbet/src/schemas/bet-schemas.ts","statementMap":{"0":{"start":{"line":1,"column":0},"end":{"line":1,"column":22}},"1":{"start":{"line":4,"column":13},"end":{"line":10,"column":3}}},"fnMap":{},"branchMap":{},"s":{"0":1,"1":1},"f":{},"b":{}}
,"/home/driven/Desktop/DESENVOLVIMENTO-WEB/footbet/src/schemas/game-schemas.ts": {"path":"/home/driven/Desktop/DESENVOLVIMENTO-WEB/footbet/src/schemas/game-schemas.ts","statementMap":{"0":{"start":{"line":1,"column":0},"end":{"line":1,"column":22}},"1":{"start":{"line":4,"column":13},"end":{"line":7,"column":3}},"2":{"start":{"line":9,"column":13},"end":{"line":12,"column":3}}},"fnMap":{},"branchMap":{},"s":{"0":1,"1":1,"2":1},"f":{},"b":{}}
,"/home/driven/Desktop/DESENVOLVIMENTO-WEB/footbet/src/schemas/index.ts": {"path":"/home/driven/Desktop/DESENVOLVIMENTO-WEB/footbet/src/schemas/index.ts","statementMap":{"0":{"start":{"line":1,"column":0},"end":{"line":1,"column":30}},"1":{"start":{"line":2,"column":0},"end":{"line":2,"column":31}},"2":{"start":{"line":3,"column":0},"end":{"line":3,"column":38}}},"fnMap":{},"branchMap":{},"s":{"0":1,"1":1,"2":1},"f":{},"b":{}}
,"/home/driven/Desktop/DESENVOLVIMENTO-WEB/footbet/src/schemas/participant-schemas.ts": {"path":"/home/driven/Desktop/DESENVOLVIMENTO-WEB/footbet/src/schemas/participant-schemas.ts","statementMap":{"0":{"start":{"line":1,"column":0},"end":{"line":1,"column":22}},"1":{"start":{"line":4,"column":13},"end":{"line":7,"column":3}}},"fnMap":{},"branchMap":{},"s":{"0":1,"1":1},"f":{},"b":{}}
,"/home/driven/Desktop/DESENVOLVIMENTO-WEB/footbet/src/services/index.ts": {"path":"/home/driven/Desktop/DESENVOLVIMENTO-WEB/footbet/src/services/index.ts","statementMap":{"0":{"start":{"line":1,"column":0},"end":{"line":1,"column":31}},"1":{"start":{"line":2,"column":0},"end":{"line":2,"column":32}},"2":{"start":{"line":3,"column":0},"end":{"line":3,"column":39}}},"fnMap":{},"branchMap":{},"s":{"0":1,"1":1,"2":1},"f":{},"b":{}}
,"/home/driven/Desktop/DESENVOLVIMENTO-WEB/footbet/src/services/bet-services/index.ts": {"path":"/home/driven/Desktop/DESENVOLVIMENTO-WEB/footbet/src/services/bet-services/index.ts","statementMap":{"0":{"start":{"line":1,"column":0},"end":{"line":1,"column":62}},"1":{"start":{"line":2,"column":0},"end":{"line":2,"column":48}},"2":{"start":{"line":3,"column":0},"end":{"line":3,"column":44}},"3":{"start":{"line":5,"column":0},"end":{"line":5,"column":51}},"4":{"start":{"line":8,"column":33},"end":{"line":8,"column":37}},"5":{"start":{"line":10,"column":29},"end":{"line":13,"column":3}},"6":{"start":{"line":15,"column":1},"end":{"line":20,"column":null}},"7":{"start":{"line":16,"column":2},"end":{"line":19,"column":5}},"8":{"start":{"line":22,"column":1},"end":{"line":27,"column":null}},"9":{"start":{"line":23,"column":2},"end":{"line":26,"column":5}},"10":{"start":{"line":30,"column":1},"end":{"line":30,"column":35}},"11":{"start":{"line":33,"column":13},"end":{"line":35,"column":2}}},"fnMap":{"0":{"name":"create","decl":{"start":{"line":7,"column":15},"end":{"line":7,"column":21}},"loc":{"start":{"line":7,"column":35},"end":{"line":31,"column":null}}}},"branchMap":{"0":{"loc":{"start":{"line":15,"column":1},"end":{"line":20,"column":null}},"type":"if","locations":[{"start":{"line":15,"column":1},"end":{"line":20,"column":null}}]},"1":{"loc":{"start":{"line":22,"column":1},"end":{"line":27,"column":null}},"type":"if","locations":[{"start":{"line":22,"column":1},"end":{"line":27,"column":null}}]}},"s":{"0":1,"1":1,"2":1,"3":1,"4":0,"5":0,"6":0,"7":0,"8":0,"9":0,"10":0,"11":1},"f":{"0":0},"b":{"0":[0],"1":[0]}}
,"/home/driven/Desktop/DESENVOLVIMENTO-WEB/footbet/src/services/game-services/index.ts": {"path":"/home/driven/Desktop/DESENVOLVIMENTO-WEB/footbet/src/services/game-services/index.ts","statementMap":{"0":{"start":{"line":1,"column":0},"end":{"line":1,"column":52}},"1":{"start":{"line":2,"column":0},"end":{"line":2,"column":44}},"2":{"start":{"line":6,"column":1},"end":{"line":6,"column":36}},"3":{"start":{"line":10,"column":14},"end":{"line":10,"column":31}},"4":{"start":{"line":12,"column":1},"end":{"line":17,"column":null}},"5":{"start":{"line":13,"column":2},"end":{"line":16,"column":5}},"6":{"start":{"line":19,"column":1},"end":{"line":19,"column":40}},"7":{"start":{"line":23,"column":1},"end":{"line":23,"column":34}},"8":{"start":{"line":28,"column":1},"end":{"line":33,"column":null}},"9":{"start":{"line":29,"column":2},"end":{"line":32,"column":5}},"10":{"start":{"line":35,"column":14},"end":{"line":35,"column":46}},"11":{"start":{"line":37,"column":1},"end":{"line":42,"column":null}},"12":{"start":{"line":38,"column":2},"end":{"line":41,"column":5}},"13":{"start":{"line":44,"column":1},"end":{"line":44,"column":13}},"14":{"start":{"line":47,"column":13},"end":{"line":52,"column":2}}},"fnMap":{"0":{"name":"create","decl":{"start":{"line":5,"column":9},"end":{"line":5,"column":15}},"loc":{"start":{"line":5,"column":30},"end":{"line":7,"column":1}}},"1":{"name":"update","decl":{"start":{"line":9,"column":15},"end":{"line":9,"column":21}},"loc":{"start":{"line":9,"column":47},"end":{"line":20,"column":null}}},"2":{"name":"findMany","decl":{"start":{"line":22,"column":9},"end":{"line":22,"column":17}},"loc":{"start":{"line":22,"column":17},"end":{"line":24,"column":1}}},"3":{"name":"findOne","decl":{"start":{"line":26,"column":15},"end":{"line":26,"column":22}},"loc":{"start":{"line":26,"column":32},"end":{"line":45,"column":null}}}},"branchMap":{"0":{"loc":{"start":{"line":12,"column":1},"end":{"line":17,"column":null}},"type":"if","locations":[{"start":{"line":12,"column":1},"end":{"line":17,"column":null}}]},"1":{"loc":{"start":{"line":28,"column":1},"end":{"line":33,"column":null}},"type":"if","locations":[{"start":{"line":28,"column":1},"end":{"line":33,"column":null}}]},"2":{"loc":{"start":{"line":28,"column":4},"end":{"line":28,"column":20}},"type":"binary-expr","locations":[{"start":{"line":28,"column":4},"end":{"line":28,"column":7}},{"start":{"line":28,"column":11},"end":{"line":28,"column":20}}]},"3":{"loc":{"start":{"line":37,"column":1},"end":{"line":42,"column":null}},"type":"if","locations":[{"start":{"line":37,"column":1},"end":{"line":42,"column":null}}]}},"s":{"0":1,"1":1,"2":0,"3":0,"4":0,"5":0,"6":0,"7":0,"8":0,"9":0,"10":0,"11":0,"12":0,"13":0,"14":1},"f":{"0":0,"1":0,"2":0,"3":0},"b":{"0":[0],"1":[0],"2":[0,0],"3":[0]}}
,"/home/driven/Desktop/DESENVOLVIMENTO-WEB/footbet/src/services/participant-services/index.ts": {"path":"/home/driven/Desktop/DESENVOLVIMENTO-WEB/footbet/src/services/participant-services/index.ts","statementMap":{"0":{"start":{"line":1,"column":0},"end":{"line":1,"column":44}},"1":{"start":{"line":3,"column":0},"end":{"line":3,"column":59}},"2":{"start":{"line":6,"column":1},"end":{"line":6,"column":43}},"3":{"start":{"line":10,"column":1},"end":{"line":10,"column":41}},"4":{"start":{"line":14,"column":21},"end":{"line":14,"column":60}},"5":{"start":{"line":16,"column":1},"end":{"line":21,"column":null}},"6":{"start":{"line":17,"column":2},"end":{"line":20,"column":5}},"7":{"start":{"line":23,"column":1},"end":{"line":23,"column":20}},"8":{"start":{"line":26,"column":13},"end":{"line":30,"column":2}}},"fnMap":{"0":{"name":"create","decl":{"start":{"line":5,"column":9},"end":{"line":5,"column":15}},"loc":{"start":{"line":5,"column":37},"end":{"line":7,"column":1}}},"1":{"name":"findMany","decl":{"start":{"line":9,"column":9},"end":{"line":9,"column":17}},"loc":{"start":{"line":9,"column":17},"end":{"line":11,"column":1}}},"2":{"name":"findOne","decl":{"start":{"line":13,"column":15},"end":{"line":13,"column":22}},"loc":{"start":{"line":13,"column":32},"end":{"line":24,"column":null}}}},"branchMap":{"0":{"loc":{"start":{"line":16,"column":1},"end":{"line":21,"column":null}},"type":"if","locations":[{"start":{"line":16,"column":1},"end":{"line":21,"column":null}}]}},"s":{"0":1,"1":1,"2":0,"3":0,"4":0,"5":0,"6":0,"7":0,"8":1},"f":{"0":0,"1":0,"2":0},"b":{"0":[0]}}
}
