TN:
SF:src/app.ts
FN:23,init
FN:28,close
FNF:2
FNH:1
FNDA:1,init
FNDA:0,close
DA:1,1
DA:2,1
DA:3,1
DA:4,1
DA:5,1
DA:6,1
DA:8,1
DA:10,1
DA:12,1
DA:23,1
DA:24,1
DA:25,1
DA:28,1
DA:29,0
DA:32,1
LF:15
LH:14
BRF:0
BRH:0
end_of_record
TN:
SF:src/server.ts
FN:6,(anonymous_6)
FN:7,(anonymous_7)
FNF:2
FNH:0
FNDA:0,(anonymous_6)
FNDA:0,(anonymous_7)
DA:1,0
DA:2,0
DA:4,0
DA:6,0
DA:7,0
DA:9,0
LF:6
LH:0
BRDA:4,0,0,0
BRDA:4,0,1,0
BRF:2
BRH:0
end_of_record
TN:
SF:src/config/database.ts
FN:4,connectDb
FN:8,disconnectDB
FNF:2
FNH:1
FNDA:1,connectDb
FNDA:0,disconnectDB
DA:1,4
DA:4,4
DA:5,1
DA:8,4
DA:9,0
LF:5
LH:4
BRDA:9,0,0,0
BRDA:9,0,1,0
BRDA:9,1,0,0
BRDA:9,1,1,0
BRF:4
BRH:0
end_of_record
TN:
SF:src/config/envs.ts
FN:5,loadEnv
FNF:1
FNH:1
FNDA:5,loadEnv
DA:2,4
DA:3,4
DA:5,4
DA:7,5
DA:12,5
DA:13,5
LF:6
LH:6
BRDA:7,0,0,5
BRDA:7,0,1,0
BRDA:8,1,0,0
BRDA:8,1,1,0
BRF:4
BRH:1
end_of_record
TN:
SF:src/config/index.ts
FNF:0
FNH:0
DA:1,4
DA:2,4
LF:2
LH:2
BRF:0
BRH:0
end_of_record
TN:
SF:src/constants/index.ts
FNF:0
FNH:0
DA:1,1
DA:3,1
LF:2
LH:2
BRF:0
BRH:0
end_of_record
TN:
SF:src/controllers/bet-controller.ts
FN:6,createBet
FNF:1
FNH:0
FNDA:0,createBet
DA:3,1
DA:4,1
DA:6,1
DA:7,0
DA:8,0
DA:9,0
LF:6
LH:3
BRF:0
BRH:0
end_of_record
TN:
SF:src/controllers/game-controller.ts
FN:6,createGame
FN:12,updateGame
FN:19,findManyGames
FN:24,findOneGame
FNF:4
FNH:0
FNDA:0,createGame
FNDA:0,updateGame
FNDA:0,findManyGames
FNDA:0,findOneGame
DA:3,1
DA:4,1
DA:6,1
DA:7,0
DA:8,0
DA:9,0
DA:12,1
DA:13,0
DA:14,0
DA:15,0
DA:16,0
DA:19,1
DA:20,0
DA:21,0
DA:24,1
DA:25,0
DA:26,0
DA:27,0
LF:18
LH:6
BRF:0
BRH:0
end_of_record
TN:
SF:src/controllers/index.ts
FNF:0
FNH:0
DA:1,1
DA:2,1
DA:3,1
LF:3
LH:3
BRF:0
BRH:0
end_of_record
TN:
SF:src/controllers/participant-controller.ts
FN:6,createParticipant
FN:12,findManyParticipants
FNF:2
FNH:0
FNDA:0,createParticipant
FNDA:0,findManyParticipants
DA:2,1
DA:4,1
DA:6,1
DA:7,0
DA:8,0
DA:9,0
DA:12,1
DA:13,0
DA:14,0
LF:9
LH:4
BRF:0
BRH:0
end_of_record
TN:
SF:src/errors/error-handler.ts
FN:3,errorHandler
FNF:1
FNH:0
FNDA:0,errorHandler
DA:3,1
DA:4,0
LF:2
LH:1
BRF:0
BRH:0
end_of_record
TN:
SF:src/errors/index.ts
FNF:0
FNH:0
DA:1,1
DA:2,1
LF:2
LH:2
BRF:0
BRH:0
end_of_record
TN:
SF:src/errors/invalid-data-error.ts
FN:4,invalidDataError
FNF:1
FNH:0
FNDA:0,invalidDataError
DA:1,1
DA:4,1
DA:5,0
LF:3
LH:2
BRF:0
BRH:0
end_of_record
TN:
SF:src/helpers/amountWonCalculator.ts
FN:1,amountWonCalculator
FNF:1
FNH:0
FNDA:0,amountWonCalculator
DA:1,1
DA:2,0
DA:3,0
LF:3
LH:1
BRF:0
BRH:0
end_of_record
TN:
SF:src/helpers/betsResultsCalculator.ts
FN:4,betsResultsCalculator
FN:6,(anonymous_1)
FNF:2
FNH:0
FNDA:0,betsResultsCalculator
FNDA:0,(anonymous_1)
DA:4,1
DA:5,0
DA:7,0
DA:8,0
LF:4
LH:1
BRDA:7,0,0,0
BRDA:7,0,1,0
BRDA:10,1,0,0
BRDA:10,1,1,0
BRF:4
BRH:0
end_of_record
TN:
SF:src/helpers/index.ts
FNF:0
FNH:0
DA:1,1
DA:2,1
LF:2
LH:2
BRF:0
BRH:0
end_of_record
TN:
SF:src/middlewares/error-handler-middleware.ts
FN:8,handleApplicationErrors
FNF:1
FNH:0
FNDA:0,handleApplicationErrors
DA:3,1
DA:4,1
DA:6,1
DA:8,1
DA:16,0
DA:17,0
DA:22,0
LF:7
LH:4
BRDA:16,0,0,0
BRDA:16,1,0,0
BRDA:16,1,1,0
BRDA:18,2,0,0
BRDA:18,2,1,0
BRDA:18,3,0,0
BRDA:18,3,1,0
BRDA:19,4,0,0
BRDA:19,4,1,0
BRDA:19,5,0,0
BRDA:19,5,1,0
BRDA:23,6,0,0
BRDA:23,6,1,0
BRDA:23,7,0,0
BRDA:23,7,1,0
BRDA:25,8,0,0
BRDA:25,8,1,0
BRDA:25,9,0,0
BRDA:25,9,1,0
BRDA:26,10,0,0
BRDA:26,10,1,0
BRDA:26,11,0,0
BRDA:26,11,1,0
BRF:23
BRH:0
end_of_record
TN:
SF:src/middlewares/index.ts
FNF:0
FNH:0
DA:1,1
DA:2,1
LF:2
LH:2
BRF:0
BRH:0
end_of_record
TN:
SF:src/middlewares/schema-validation-middleware.ts
FN:6,validateBody
FN:10,validate
FN:11,(anonymous_3)
FN:19,(anonymous_4)
FNF:4
FNH:2
FNDA:4,validateBody
FNDA:4,validate
FNDA:0,(anonymous_3)
FNDA:0,(anonymous_4)
DA:2,1
DA:4,1
DA:6,1
DA:7,4
DA:11,4
DA:12,0
DA:16,0
DA:17,0
DA:19,0
LF:9
LH:5
BRDA:16,0,0,0
BRDA:16,0,1,0
BRF:2
BRH:0
end_of_record
TN:
SF:src/repositories/index.ts
FNF:0
FNH:0
DA:1,1
DA:2,1
DA:3,1
LF:3
LH:3
BRF:0
BRH:0
end_of_record
TN:
SF:src/repositories/bet-repository/index.ts
FN:5,create
FN:21,update
FNF:2
FNH:0
FNDA:0,create
FNDA:0,update
DA:3,1
DA:6,0
DA:22,0
DA:28,1
LF:4
LH:2
BRF:0
BRH:0
end_of_record
TN:
SF:src/repositories/game-repository/index.ts
FN:7,create
FN:11,update
FN:12,(anonymous_10)
FN:12,(anonymous_11)
FN:35,findMany
FN:39,findOne
FNF:6
FNH:0
FNDA:0,create
FNDA:0,update
FNDA:0,(anonymous_10)
FNDA:0,(anonymous_11)
FNDA:0,findMany
FNDA:0,findOne
DA:1,1
DA:2,1
DA:4,1
DA:5,1
DA:8,0
DA:12,0
DA:13,0
DA:18,0
DA:20,0
DA:21,0
DA:22,0
DA:23,0
DA:25,0
DA:31,0
DA:36,0
DA:40,0
DA:48,1
LF:17
LH:5
BRDA:21,0,0,0
BRDA:21,0,1,0
BRDA:22,1,0,0
BRDA:22,1,1,0
BRDA:23,2,0,0
BRDA:23,2,1,0
BRF:6
BRH:0
end_of_record
TN:
SF:src/repositories/participant-repository/index.ts
FN:5,create
FN:9,findMany
FN:13,findOne
FN:17,update
FNF:4
FNH:0
FNDA:0,create
FNDA:0,findMany
FNDA:0,findOne
FNDA:0,update
DA:2,1
DA:6,0
DA:10,0
DA:14,0
DA:18,0
DA:28,1
LF:6
LH:2
BRF:0
BRH:0
end_of_record
TN:
SF:src/routers/bet-router.ts
FNF:0
FNH:0
DA:1,1
DA:2,1
DA:3,1
DA:4,1
DA:6,1
DA:8,1
DA:10,1
LF:7
LH:7
BRF:0
BRH:0
end_of_record
TN:
SF:src/routers/game-router.ts
FNF:0
FNH:0
DA:1,1
DA:2,1
DA:3,1
DA:4,1
DA:6,1
DA:8,1
DA:9,1
DA:10,1
DA:11,1
DA:13,1
LF:10
LH:10
BRF:0
BRH:0
end_of_record
TN:
SF:src/routers/health-router.ts
FN:6,(anonymous_1)
FNF:1
FNH:1
FNDA:1,(anonymous_1)
DA:1,1
DA:2,1
DA:4,1
DA:6,1
DA:8,1
LF:5
LH:5
BRF:0
BRH:0
end_of_record
TN:
SF:src/routers/index.ts
FNF:0
FNH:0
DA:1,1
DA:2,1
DA:3,1
DA:4,1
LF:4
LH:4
BRF:0
BRH:0
end_of_record
TN:
SF:src/routers/participant-router.ts
FNF:0
FNH:0
DA:1,1
DA:2,1
DA:3,1
DA:4,1
DA:6,1
DA:8,1
DA:9,1
DA:11,1
LF:8
LH:8
BRF:0
BRH:0
end_of_record
TN:
SF:src/schemas/bet-schemas.ts
FNF:0
FNH:0
DA:1,1
DA:4,1
LF:2
LH:2
BRF:0
BRH:0
end_of_record
TN:
SF:src/schemas/game-schemas.ts
FNF:0
FNH:0
DA:1,1
DA:4,1
DA:9,1
LF:3
LH:3
BRF:0
BRH:0
end_of_record
TN:
SF:src/schemas/index.ts
FNF:0
FNH:0
DA:1,1
DA:2,1
DA:3,1
LF:3
LH:3
BRF:0
BRH:0
end_of_record
TN:
SF:src/schemas/participant-schemas.ts
FNF:0
FNH:0
DA:1,1
DA:4,1
LF:2
LH:2
BRF:0
BRH:0
end_of_record
TN:
SF:src/services/index.ts
FNF:0
FNH:0
DA:1,1
DA:2,1
DA:3,1
LF:3
LH:3
BRF:0
BRH:0
end_of_record
TN:
SF:src/services/bet-services/index.ts
FN:7,create
FNF:1
FNH:0
FNDA:0,create
DA:1,1
DA:2,1
DA:3,1
DA:5,1
DA:8,0
DA:10,0
DA:15,0
DA:16,0
DA:22,0
DA:23,0
DA:30,0
DA:33,1
LF:12
LH:5
BRDA:15,0,0,0
BRDA:22,1,0,0
BRF:2
BRH:0
end_of_record
TN:
SF:src/services/game-services/index.ts
FN:5,create
FN:9,update
FN:22,findMany
FN:26,findOne
FNF:4
FNH:0
FNDA:0,create
FNDA:0,update
FNDA:0,findMany
FNDA:0,findOne
DA:1,1
DA:2,1
DA:6,0
DA:10,0
DA:12,0
DA:13,0
DA:19,0
DA:23,0
DA:28,0
DA:29,0
DA:35,0
DA:37,0
DA:38,0
DA:44,0
DA:47,1
LF:15
LH:3
BRDA:12,0,0,0
BRDA:28,1,0,0
BRDA:28,2,0,0
BRDA:28,2,1,0
BRDA:37,3,0,0
BRF:5
BRH:0
end_of_record
TN:
SF:src/services/participant-services/index.ts
FN:5,create
FN:9,findMany
FN:13,findOne
FNF:3
FNH:0
FNDA:0,create
FNDA:0,findMany
FNDA:0,findOne
DA:1,1
DA:3,1
DA:6,0
DA:10,0
DA:14,0
DA:16,0
DA:17,0
DA:23,0
DA:26,1
LF:9
LH:3
BRDA:16,0,0,0
BRF:1
BRH:0
end_of_record
